{"level":"info","message":{"duration":"99ms","ip":"::1","method":"POST","status":500,"url":"/api/auth/register","userAgent":"PostmanRuntime/7.43.2"},"service":"cutcoin-api","timestamp":"2025-04-13T06:40:56.867Z"}
{"level":"info","message":{"duration":"15ms","ip":"::1","method":"POST","status":400,"url":"/api/auth/register","userAgent":"PostmanRuntime/7.43.2"},"service":"cutcoin-api","timestamp":"2025-04-13T06:41:24.972Z"}
{"level":"info","message":{"duration":"19ms","ip":"::1","method":"POST","status":500,"url":"/api/auth/register","userAgent":"PostmanRuntime/7.43.2"},"service":"cutcoin-api","timestamp":"2025-04-13T06:41:36.691Z"}
{"level":"info","message":{"duration":"106ms","ip":"::1","method":"POST","status":500,"url":"/api/auth/register","userAgent":"PostmanRuntime/7.43.2"},"service":"cutcoin-api","timestamp":"2025-04-13T06:49:16.031Z"}
{"level":"info","message":{"duration":"59ms","ip":"::1","method":"POST","status":500,"url":"/api/auth/register","userAgent":"PostmanRuntime/7.43.2"},"service":"cutcoin-api","timestamp":"2025-04-13T06:56:12.723Z"}
{"level":"info","message":{"duration":"14ms","ip":"::1","method":"POST","status":500,"url":"/api/auth/register","userAgent":"PostmanRuntime/7.43.2"},"service":"cutcoin-api","timestamp":"2025-04-13T06:57:47.499Z"}
{"level":"info","message":{"duration":"7ms","ip":"::1","method":"POST","status":500,"url":"/api/auth/register","userAgent":"PostmanRuntime/7.43.2"},"service":"cutcoin-api","timestamp":"2025-04-13T06:58:00.116Z"}
{"level":"info","message":{"duration":"6ms","ip":"::1","method":"POST","status":500,"url":"/api/auth/register","userAgent":"PostmanRuntime/7.43.2"},"service":"cutcoin-api","timestamp":"2025-04-13T06:58:06.671Z"}
{"level":"info","message":{"duration":"7ms","ip":"::1","method":"POST","status":500,"url":"/api/auth/register","userAgent":"PostmanRuntime/7.43.2"},"service":"cutcoin-api","timestamp":"2025-04-13T06:58:18.147Z"}
{"level":"info","message":{"duration":"4ms","ip":"::1","method":"POST","status":500,"url":"/api/auth/register","userAgent":"PostmanRuntime/7.43.2"},"service":"cutcoin-api","timestamp":"2025-04-13T06:58:24.773Z"}
{"level":"info","message":{"duration":"4ms","ip":"::1","method":"POST","status":500,"url":"/api/auth/register","userAgent":"PostmanRuntime/7.43.2"},"service":"cutcoin-api","timestamp":"2025-04-13T06:58:42.103Z"}
{"level":"info","message":{"duration":"26760ms","ip":"::1","method":"POST","status":201,"url":"/api/auth/register","userAgent":"PostmanRuntime/7.43.2"},"service":"cutcoin-api","timestamp":"2025-04-13T07:05:07.496Z"}
{"level":"info","message":{"duration":"6161ms","ip":"::1","method":"POST","status":201,"url":"/api/auth/register","userAgent":"PostmanRuntime/7.43.2"},"service":"cutcoin-api","timestamp":"2025-04-13T08:21:53.430Z"}
{"level":"info","message":{"duration":"7948ms","ip":"::1","method":"POST","status":201,"url":"/api/auth/register","userAgent":"PostmanRuntime/7.43.2"},"service":"cutcoin-api","timestamp":"2025-04-13T08:25:13.936Z"}
{"level":"info","message":{"duration":"7345ms","ip":"::1","method":"POST","status":200,"url":"/api/auth/verify-otp","userAgent":"PostmanRuntime/7.43.2"},"service":"cutcoin-api","timestamp":"2025-04-13T08:29:51.838Z"}
{"level":"info","message":{"duration":"3249ms","ip":"::1","method":"POST","status":200,"url":"/api/auth/login","userAgent":"PostmanRuntime/7.43.2"},"service":"cutcoin-api","timestamp":"2025-04-13T08:36:20.824Z"}
{"level":"info","message":{"duration":"5ms","ip":"::1","method":"POST","status":400,"url":"/api/auth/verify-otp","userAgent":"PostmanRuntime/7.43.2"},"service":"cutcoin-api","timestamp":"2025-04-13T08:36:50.128Z"}
{"level":"info","message":{"duration":"3064ms","ip":"::1","method":"POST","status":200,"url":"/api/auth/verify-login","userAgent":"PostmanRuntime/7.43.2"},"service":"cutcoin-api","timestamp":"2025-04-13T08:37:28.341Z"}
{"level":"info","message":{"duration":"3ms","ip":"::1","method":"POST","status":400,"url":"/api/auth/reset-pin","userAgent":"PostmanRuntime/7.43.2"},"service":"cutcoin-api","timestamp":"2025-04-13T08:40:06.371Z"}
{"level":"info","message":{"duration":"1850ms","ip":"::1","method":"POST","status":500,"url":"/api/auth/kyc","userAgent":"PostmanRuntime/7.43.2"},"service":"cutcoin-api","timestamp":"2025-04-13T08:42:01.170Z"}
{"level":"info","message":{"duration":"2179ms","ip":"::1","method":"POST","status":200,"url":"/api/auth/kyc","userAgent":"PostmanRuntime/7.43.2"},"service":"cutcoin-api","timestamp":"2025-04-13T08:43:12.113Z"}
